[debug] [2022-09-20T19:45:43.740Z] ----------------------------------------------------------------------
[debug] [2022-09-20T19:45:43.743Z] Command:       /usr/local/bin/node /usr/local/bin/firebase emulators:start --only functions
[debug] [2022-09-20T19:45:43.743Z] CLI Version:   11.9.0
[debug] [2022-09-20T19:45:43.744Z] Platform:      darwin
[debug] [2022-09-20T19:45:43.744Z] Node Version:  v16.14.0
[debug] [2022-09-20T19:45:43.752Z] Time:          Tue Sep 20 2022 21:45:43 GMT+0200 (Central European Summer Time)
[debug] [2022-09-20T19:45:43.753Z] ----------------------------------------------------------------------
[debug] 
[debug] [2022-09-20T19:45:43.756Z] >>> [apiv2][query] GET https://firebase-public.firebaseio.com/cli.json [none]
[debug] [2022-09-20T19:45:43.837Z] > command requires scopes: ["email","openid","https://www.googleapis.com/auth/cloudplatformprojects.readonly","https://www.googleapis.com/auth/firebase","https://www.googleapis.com/auth/cloud-platform"]
[debug] [2022-09-20T19:45:43.837Z] > authorizing via signed-in user (federico.velezferro@gmail.com)
[info] i  emulators: Starting emulators: functions {"metadata":{"emulator":{"name":"hub"},"message":"Starting emulators: functions"}}
[debug] [2022-09-20T19:45:43.994Z] [hub] writing locator at /var/folders/qs/ld_kx2w93cg4gwn4mh6mh29r0000gn/T/hub-portfolio-25e0f.json
[warn] ⚠  functions: The following emulators are not running, calls to these services from the Functions emulator will affect production: auth, firestore, database, hosting, pubsub, storage, eventarc {"metadata":{"emulator":{"name":"functions"},"message":"The following emulators are not running, calls to these services from the Functions emulator will affect production: \u001b[1mauth, firestore, database, hosting, pubsub, storage, eventarc\u001b[22m"}}
[info] ✔  functions: Using node@16 from host. {"metadata":{"emulator":{"name":"functions"},"message":"Using node@16 from host."}}
[debug] [2022-09-20T19:45:44.024Z] defaultcredentials: writing to file /Users/federicovelez/.config/firebase/federico_velezferro_gmail.com_application_default_credentials.json
[debug] [2022-09-20T19:45:44.034Z] Setting GAC to /Users/federicovelez/.config/firebase/federico_velezferro_gmail.com_application_default_credentials.json {"metadata":{"emulator":{"name":"functions"},"message":"Setting GAC to /Users/federicovelez/.config/firebase/federico_velezferro_gmail.com_application_default_credentials.json"}}
[debug] [2022-09-20T19:45:44.036Z] > refreshing access token with scopes: []
[debug] [2022-09-20T19:45:44.038Z] >>> [apiv2][query] POST https://www.googleapis.com/oauth2/v3/token [none]
[debug] [2022-09-20T19:45:44.038Z] >>> [apiv2][body] POST https://www.googleapis.com/oauth2/v3/token [omitted]
[debug] [2022-09-20T19:45:44.424Z] <<< [apiv2][status] POST https://www.googleapis.com/oauth2/v3/token 200
[debug] [2022-09-20T19:45:44.424Z] <<< [apiv2][body] POST https://www.googleapis.com/oauth2/v3/token [omitted]
[debug] [2022-09-20T19:45:44.445Z] >>> [apiv2][query] GET https://firebase.googleapis.com/v1beta1/projects/portfolio-25e0f/adminSdkConfig [none]
[debug] [2022-09-20T19:45:44.486Z] <<< [apiv2][status] GET https://firebase-public.firebaseio.com/cli.json 200
[debug] [2022-09-20T19:45:44.486Z] <<< [apiv2][body] GET https://firebase-public.firebaseio.com/cli.json {"cloudBuildErrorAfter":1594252800000,"cloudBuildWarnAfter":1590019200000,"defaultNode10After":1594252800000,"minVersion":"3.0.5","node8DeploysDisabledAfter":1613390400000,"node8RuntimeDisabledAfter":1615809600000,"node8WarnAfter":1600128000000}
[debug] [2022-09-20T19:45:44.987Z] <<< [apiv2][status] GET https://firebase.googleapis.com/v1beta1/projects/portfolio-25e0f/adminSdkConfig 200
[debug] [2022-09-20T19:45:44.987Z] <<< [apiv2][body] GET https://firebase.googleapis.com/v1beta1/projects/portfolio-25e0f/adminSdkConfig {"projectId":"portfolio-25e0f","storageBucket":"portfolio-25e0f.appspot.com"}
[info] i  ui: downloading ui-v1.9.0.zip... {"metadata":{"emulator":{"name":"ui"},"message":"downloading ui-v1.9.0.zip..."}}
[debug] [2022-09-20T19:45:45.010Z] >>> [apiv2][query] GET https://storage.googleapis.com/firebase-preview-drop/emulator/ui-v1.9.0.zip 
[debug] [2022-09-20T19:45:45.323Z] <<< [apiv2][status] GET https://storage.googleapis.com/firebase-preview-drop/emulator/ui-v1.9.0.zip 200
[debug] [2022-09-20T19:45:45.323Z] <<< [apiv2][body] GET https://storage.googleapis.com/firebase-preview-drop/emulator/ui-v1.9.0.zip [stream]
[debug] [2022-09-20T19:45:46.796Z] Ignoring unsupported arg: auto_download {"metadata":{"emulator":{"name":"ui"},"message":"Ignoring unsupported arg: auto_download"}}
[debug] [2022-09-20T19:45:46.796Z] Ignoring unsupported arg: port {"metadata":{"emulator":{"name":"ui"},"message":"Ignoring unsupported arg: port"}}
[debug] [2022-09-20T19:45:46.796Z] Starting Emulator UI with command {"binary":"node","args":["/Users/federicovelez/.cache/firebase/emulators/ui-v1.9.0/server/server.js"],"optionalArgs":[],"joinArgs":false} {"metadata":{"emulator":{"name":"ui"},"message":"Starting Emulator UI with command {\"binary\":\"node\",\"args\":[\"/Users/federicovelez/.cache/firebase/emulators/ui-v1.9.0/server/server.js\"],\"optionalArgs\":[],\"joinArgs\":false}"}}
[info] i  ui: Emulator UI logging to ui-debug.log {"metadata":{"emulator":{"name":"ui"},"message":"Emulator UI logging to \u001b[1mui-debug.log\u001b[22m"}}
[debug] [2022-09-20T19:45:47.014Z] Web / API server started at localhost:4000
 {"metadata":{"emulator":{"name":"ui"},"message":"Web / API server started at localhost:4000\n"}}
[info] i  functions: Watching "/Users/federicovelez/Desktop/BIG PORTFOLIO/TheOneAndOnly/Life_Portfolio/bigportfolio/functions" for Cloud Functions... {"metadata":{"emulator":{"name":"functions"},"message":"Watching \"/Users/federicovelez/Desktop/BIG PORTFOLIO/TheOneAndOnly/Life_Portfolio/bigportfolio/functions\" for Cloud Functions..."}}
[debug] [2022-09-20T19:45:47.113Z] Validating nodejs source
[debug] [2022-09-20T19:45:50.099Z] > [functions] package.json contents: {
  "name": "functions",
  "description": "Cloud Functions for Firebase",
  "scripts": {
    "serve": "firebase emulators:start --only functions",
    "shell": "firebase functions:shell",
    "start": "npm run shell",
    "deploy": "firebase deploy --only functions",
    "logs": "firebase functions:log"
  },
  "engines": {
    "node": "16"
  },
  "main": "index.js",
  "dependencies": {
    "firebase-admin": "^10.0.2",
    "firebase-functions": "^3.18.0",
    "nodemailer": "^6.7.8"
  },
  "devDependencies": {
    "firebase-functions-test": "^0.2.0"
  },
  "private": true
}
[debug] [2022-09-20T19:45:50.099Z] Building nodejs source
[debug] [2022-09-20T19:45:50.100Z] Analyzing nodejs backend spec
[debug] [2022-09-20T19:45:50.105Z] Could not find functions.yaml. Must use http discovery
[debug] [2022-09-20T19:45:50.798Z] Serving at port 9005

[debug] [2022-09-20T19:45:50.969Z] Got response from /__/functions.yaml Failed to generate manifest from function source: ReferenceError: requite is not defined
[debug] [2022-09-20T19:45:50.974Z] Failed to parse functions.yamlincomplete explicit mapping pair; a key node is missed; or followed by a non-tabulated empty line at line 1, column 65:
     ...  function source: ReferenceError: requite is not defined
                                         ^ {"name":"YAMLException","reason":"incomplete explicit mapping pair; a key node is missed; or followed by a non-tabulated empty line","mark":{"name":null,"buffer":"Failed to generate manifest from function source: ReferenceError: requite is not defined\n\u0000","position":64,"line":0,"column":64},"message":"incomplete explicit mapping pair; a key node is missed; or followed by a non-tabulated empty line at line 1, column 65:\n     ...  function source: ReferenceError: requite is not defined\n                                         ^"}
[debug] [2022-09-20T19:45:50.985Z] shutdown requested via /__/quitquitquit

[error] ⬢  functions: Failed to load function definition from source: FirebaseError: Failed to load function definition from source: Failed to generate manifest from function source: ReferenceError: requite is not defined {"metadata":{"emulator":{"name":"functions"},"message":"Failed to load function definition from source: FirebaseError: Failed to load function definition from source: Failed to generate manifest from function source: ReferenceError: requite is not defined"}}
[info] 
┌─────────────────────────────────────────────────────────────┐
│ ✔  All emulators ready! It is now safe to connect your app. │
│ i  View Emulator UI at http://localhost:4000                │
└─────────────────────────────────────────────────────────────┘

┌───────────┬────────────────┬─────────────────────────────────┐
│ Emulator  │ Host:Port      │ View in Emulator UI             │
├───────────┼────────────────┼─────────────────────────────────┤
│ Functions │ localhost:5001 │ http://localhost:4000/functions │
└───────────┴────────────────┴─────────────────────────────────┘
  Emulator Hub running at localhost:4400
  Other reserved ports: 4500

Issues? Report them at https://github.com/firebase/firebase-tools/issues and attach the *-debug.log files.
 
[debug] [2022-09-20T19:45:57.109Z] Received signal SIGHUP 1
[info]  
[info] i  emulators: Received SIGHUP for the first time. Starting a clean shutdown. 
[info] i  emulators: Please wait for a clean shutdown or send the SIGHUP signal again to stop right now. 
[debug] [2022-09-20T19:45:57.115Z] Error: write EIO
    at afterWriteDispatched (node:internal/stream_base_commons:160:15)
    at writeGeneric (node:internal/stream_base_commons:151:3)
    at WriteStream.Socket._writeGeneric (node:net:795:11)
    at WriteStream.Socket._write (node:net:807:8)
    at writeOrBuffer (node:internal/streams/writable:389:12)
    at _write (node:internal/streams/writable:330:10)
    at WriteStream.Writable.write (node:internal/streams/writable:334:10)
    at Console.log (/usr/local/lib/node_modules/firebase-tools/node_modules/winston/lib/winston/transports/console.js:79:23)
    at Console._write (/usr/local/lib/node_modules/firebase-tools/node_modules/winston-transport/index.js:103:17)
    at doWrite (/usr/local/lib/node_modules/firebase-tools/node_modules/winston-transport/node_modules/readable-stream/lib/_stream_writable.js:428:64)
    at writeOrBuffer (/usr/local/lib/node_modules/firebase-tools/node_modules/winston-transport/node_modules/readable-stream/lib/_stream_writable.js:417:5)
    at Console.Writable.write (/usr/local/lib/node_modules/firebase-tools/node_modules/winston-transport/node_modules/readable-stream/lib/_stream_writable.js:334:11)
    at DerivedLogger.ondata (/usr/local/lib/node_modules/firebase-tools/node_modules/readable-stream/lib/_stream_readable.js:681:20)
    at DerivedLogger.emit (node:events:532:35)
    at DerivedLogger.emit (node:domain:475:12)
    at addChunk (/usr/local/lib/node_modules/firebase-tools/node_modules/readable-stream/lib/_stream_readable.js:298:12)
[error] 
[error] Error: An unexpected error has occurred.
[debug] [2022-09-20T19:45:57.116Z] Error: write EIO
    at afterWriteDispatched (node:internal/stream_base_commons:160:15)
    at writeGeneric (node:internal/stream_base_commons:151:3)
    at WriteStream.Socket._writeGeneric (node:net:795:11)
    at WriteStream.Socket._write (node:net:807:8)
    at writeOrBuffer (node:internal/streams/writable:389:12)
    at _write (node:internal/streams/writable:330:10)
    at WriteStream.Writable.write (node:internal/streams/writable:334:10)
    at Console.log (/usr/local/lib/node_modules/firebase-tools/node_modules/winston/lib/winston/transports/console.js:79:23)
    at Console._write (/usr/local/lib/node_modules/firebase-tools/node_modules/winston-transport/index.js:103:17)
    at doWrite (/usr/local/lib/node_modules/firebase-tools/node_modules/winston-transport/node_modules/readable-stream/lib/_stream_writable.js:428:64)
    at writeOrBuffer (/usr/local/lib/node_modules/firebase-tools/node_modules/winston-transport/node_modules/readable-stream/lib/_stream_writable.js:417:5)
    at Console.Writable.write (/usr/local/lib/node_modules/firebase-tools/node_modules/winston-transport/node_modules/readable-stream/lib/_stream_writable.js:334:11)
    at DerivedLogger.ondata (/usr/local/lib/node_modules/firebase-tools/node_modules/readable-stream/lib/_stream_readable.js:681:20)
    at DerivedLogger.emit (node:events:532:35)
    at DerivedLogger.emit (node:domain:475:12)
    at addChunk (/usr/local/lib/node_modules/firebase-tools/node_modules/readable-stream/lib/_stream_readable.js:298:12)
[error] 
[error] Error: An unexpected error has occurred.
[debug] [2022-09-20T19:45:57.117Z] Error: write EIO
    at afterWriteDispatched (node:internal/stream_base_commons:160:15)
    at writeGeneric (node:internal/stream_base_commons:151:3)
    at WriteStream.Socket._writeGeneric (node:net:795:11)
    at WriteStream.Socket._write (node:net:807:8)
    at writeOrBuffer (node:internal/streams/writable:389:12)
    at _write (node:internal/streams/writable:330:10)
    at WriteStream.Writable.write (node:internal/streams/writable:334:10)
    at Console.log (/usr/local/lib/node_modules/firebase-tools/node_modules/winston/lib/winston/transports/console.js:79:23)
    at Console._write (/usr/local/lib/node_modules/firebase-tools/node_modules/winston-transport/index.js:103:17)
    at doWrite (/usr/local/lib/node_modules/firebase-tools/node_modules/winston-transport/node_modules/readable-stream/lib/_stream_writable.js:428:64)
    at writeOrBuffer (/usr/local/lib/node_modules/firebase-tools/node_modules/winston-transport/node_modules/readable-stream/lib/_stream_writable.js:417:5)
    at Console.Writable.write (/usr/local/lib/node_modules/firebase-tools/node_modules/winston-transport/node_modules/readable-stream/lib/_stream_writable.js:334:11)
    at DerivedLogger.ondata (/usr/local/lib/node_modules/firebase-tools/node_modules/readable-stream/lib/_stream_readable.js:681:20)
    at DerivedLogger.emit (node:events:532:35)
    at DerivedLogger.emit (node:domain:475:12)
    at addChunk (/usr/local/lib/node_modules/firebase-tools/node_modules/readable-stream/lib/_stream_readable.js:298:12)
[error] 
[error] Error: An unexpected error has occurred.
[debug] [2022-09-20T19:45:57.118Z] Error: write EIO
    at afterWriteDispatched (node:internal/stream_base_commons:160:15)
    at writeGeneric (node:internal/stream_base_commons:151:3)
    at WriteStream.Socket._writeGeneric (node:net:795:11)
    at WriteStream.Socket._write (node:net:807:8)
    at writeOrBuffer (node:internal/streams/writable:389:12)
    at _write (node:internal/streams/writable:330:10)
    at WriteStream.Writable.write (node:internal/streams/writable:334:10)
    at Console.log (/usr/local/lib/node_modules/firebase-tools/node_modules/winston/lib/winston/transports/console.js:79:23)
    at Console._write (/usr/local/lib/node_modules/firebase-tools/node_modules/winston-transport/index.js:103:17)
    at doWrite (/usr/local/lib/node_modules/firebase-tools/node_modules/winston-transport/node_modules/readable-stream/lib/_stream_writable.js:428:64)
    at writeOrBuffer (/usr/local/lib/node_modules/firebase-tools/node_modules/winston-transport/node_modules/readable-stream/lib/_stream_writable.js:417:5)
    at Console.Writable.write (/usr/local/lib/node_modules/firebase-tools/node_modules/winston-transport/node_modules/readable-stream/lib/_stream_writable.js:334:11)
    at DerivedLogger.ondata (/usr/local/lib/node_modules/firebase-tools/node_modules/readable-stream/lib/_stream_readable.js:681:20)
    at DerivedLogger.emit (node:events:532:35)
    at DerivedLogger.emit (node:domain:475:12)
    at addChunk (/usr/local/lib/node_modules/firebase-tools/node_modules/readable-stream/lib/_stream_readable.js:298:12)
[error] 
[error] Error: An unexpected error has occurred.
[debug] [2022-09-20T19:45:57.118Z] Error: write EIO
    at afterWriteDispatched (node:internal/stream_base_commons:160:15)
    at writeGeneric (node:internal/stream_base_commons:151:3)
    at WriteStream.Socket._writeGeneric (node:net:795:11)
    at WriteStream.Socket._write (node:net:807:8)
    at writeOrBuffer (node:internal/streams/writable:389:12)
    at _write (node:internal/streams/writable:330:10)
    at WriteStream.Writable.write (node:internal/streams/writable:334:10)
    at Console.log (/usr/local/lib/node_modules/firebase-tools/node_modules/winston/lib/winston/transports/console.js:79:23)
    at Console._write (/usr/local/lib/node_modules/firebase-tools/node_modules/winston-transport/index.js:103:17)
    at doWrite (/usr/local/lib/node_modules/firebase-tools/node_modules/winston-transport/node_modules/readable-stream/lib/_stream_writable.js:428:64)
    at writeOrBuffer (/usr/local/lib/node_modules/firebase-tools/node_modules/winston-transport/node_modules/readable-stream/lib/_stream_writable.js:417:5)
    at Console.Writable.write (/usr/local/lib/node_modules/firebase-tools/node_modules/winston-transport/node_modules/readable-stream/lib/_stream_writable.js:334:11)
    at DerivedLogger.ondata (/usr/local/lib/node_modules/firebase-tools/node_modules/readable-stream/lib/_stream_readable.js:681:20)
    at DerivedLogger.emit (node:events:532:35)
    at DerivedLogger.emit (node:domain:475:12)
    at addChunk (/usr/local/lib/node_modules/firebase-tools/node_modules/readable-stream/lib/_stream_readable.js:298:12)
[error] 
[error] Error: An unexpected error has occurred.
[debug] [2022-09-20T19:45:57.119Z] Error: write EIO
    at afterWriteDispatched (node:internal/stream_base_commons:160:15)
    at writeGeneric (node:internal/stream_base_commons:151:3)
    at WriteStream.Socket._writeGeneric (node:net:795:11)
    at WriteStream.Socket._write (node:net:807:8)
    at writeOrBuffer (node:internal/streams/writable:389:12)
    at _write (node:internal/streams/writable:330:10)
    at WriteStream.Writable.write (node:internal/streams/writable:334:10)
    at Console.log (/usr/local/lib/node_modules/firebase-tools/node_modules/winston/lib/winston/transports/console.js:79:23)
    at Console._write (/usr/local/lib/node_modules/firebase-tools/node_modules/winston-transport/index.js:103:17)
    at doWrite (/usr/local/lib/node_modules/firebase-tools/node_modules/winston-transport/node_modules/readable-stream/lib/_stream_writable.js:428:64)
    at writeOrBuffer (/usr/local/lib/node_modules/firebase-tools/node_modules/winston-transport/node_modules/readable-stream/lib/_stream_writable.js:417:5)
    at Console.Writable.write (/usr/local/lib/node_modules/firebase-tools/node_modules/winston-transport/node_modules/readable-stream/lib/_stream_writable.js:334:11)
    at DerivedLogger.ondata (/usr/local/lib/node_modules/firebase-tools/node_modules/readable-stream/lib/_stream_readable.js:681:20)
    at DerivedLogger.emit (node:events:532:35)
    at DerivedLogger.emit (node:domain:475:12)
    at addChunk (/usr/local/lib/node_modules/firebase-tools/node_modules/readable-stream/lib/_stream_readable.js:298:12)
[error] 
[error] Error: An unexpected error has occurred.
[debug] [2022-09-20T19:45:57.120Z] Error: write EIO
    at afterWriteDispatched (node:internal/stream_base_commons:160:15)
    at writeGeneric (node:internal/stream_base_commons:151:3)
    at WriteStream.Socket._writeGeneric (node:net:795:11)
    at WriteStream.Socket._write (node:net:807:8)
    at writeOrBuffer (node:internal/streams/writable:389:12)
    at _write (node:internal/streams/writable:330:10)
    at WriteStream.Writable.write (node:internal/streams/writable:334:10)
    at Console.log (/usr/local/lib/node_modules/firebase-tools/node_modules/winston/lib/winston/transports/console.js:79:23)
    at Console._write (/usr/local/lib/node_modules/firebase-tools/node_modules/winston-transport/index.js:103:17)
    at doWrite (/usr/local/lib/node_modules/firebase-tools/node_modules/winston-transport/node_modules/readable-stream/lib/_stream_writable.js:428:64)
    at writeOrBuffer (/usr/local/lib/node_modules/firebase-tools/node_modules/winston-transport/node_modules/readable-stream/lib/_stream_writable.js:417:5)
    at Console.Writable.write (/usr/local/lib/node_modules/firebase-tools/node_modules/winston-transport/node_modules/readable-stream/lib/_stream_writable.js:334:11)
    at DerivedLogger.ondata (/usr/local/lib/node_modules/firebase-tools/node_modules/readable-stream/lib/_stream_readable.js:681:20)
    at DerivedLogger.emit (node:events:532:35)
    at DerivedLogger.emit (node:domain:475:12)
    at addChunk (/usr/local/lib/node_modules/firebase-tools/node_modules/readable-stream/lib/_stream_readable.js:298:12)
[error] 
[error] Error: An unexpected error has occurred.
[debug] [2022-09-20T19:45:57.120Z] Error: write EIO
    at afterWriteDispatched (node:internal/stream_base_commons:160:15)
    at writeGeneric (node:internal/stream_base_commons:151:3)
    at WriteStream.Socket._writeGeneric (node:net:795:11)
    at WriteStream.Socket._write (node:net:807:8)
    at writeOrBuffer (node:internal/streams/writable:389:12)
    at _write (node:internal/streams/writable:330:10)
    at WriteStream.Writable.write (node:internal/streams/writable:334:10)
    at Console.log (/usr/local/lib/node_modules/firebase-tools/node_modules/winston/lib/winston/transports/console.js:79:23)
    at Console._write (/usr/local/lib/node_modules/firebase-tools/node_modules/winston-transport/index.js:103:17)
    at doWrite (/usr/local/lib/node_modules/firebase-tools/node_modules/winston-transport/node_modules/readable-stream/lib/_stream_writable.js:428:64)
    at writeOrBuffer (/usr/local/lib/node_modules/firebase-tools/node_modules/winston-transport/node_modules/readable-stream/lib/_stream_writable.js:417:5)
    at Console.Writable.write (/usr/local/lib/node_modules/firebase-tools/node_modules/winston-transport/node_modules/readable-stream/lib/_stream_writable.js:334:11)
    at DerivedLogger.ondata (/usr/local/lib/node_modules/firebase-tools/node_modules/readable-stream/lib/_stream_readable.js:681:20)
    at DerivedLogger.emit (node:events:532:35)
    at DerivedLogger.emit (node:domain:475:12)
    at addChunk (/usr/local/lib/node_modules/firebase-tools/node_modules/readable-stream/lib/_stream_readable.js:298:12)
[error] 
[error] Error: An unexpected error has occurred.
[debug] [2022-09-20T19:45:57.121Z] Error: write EIO
    at afterWriteDispatched (node:internal/stream_base_commons:160:15)
    at writeGeneric (node:internal/stream_base_commons:151:3)
    at WriteStream.Socket._writeGeneric (node:net:795:11)
    at WriteStream.Socket._write (node:net:807:8)
    at writeOrBuffer (node:internal/streams/writable:389:12)
    at _write (node:internal/streams/writable:330:10)
    at WriteStream.Writable.write (node:internal/streams/writable:334:10)
    at Console.log (/usr/local/lib/node_modules/firebase-tools/node_modules/winston/lib/winston/transports/console.js:79:23)
    at Console._write (/usr/local/lib/node_modules/firebase-tools/node_modules/winston-transport/index.js:103:17)
    at doWrite (/usr/local/lib/node_modules/firebase-tools/node_modules/winston-transport/node_modules/readable-stream/lib/_stream_writable.js:428:64)
    at writeOrBuffer (/usr/local/lib/node_modules/firebase-tools/node_modules/winston-transport/node_modules/readable-stream/lib/_stream_writable.js:417:5)
    at Console.Writable.write (/usr/local/lib/node_modules/firebase-tools/node_modules/winston-transport/node_modules/readable-stream/lib/_stream_writable.js:334:11)
    at DerivedLogger.ondata (/usr/local/lib/node_modules/firebase-tools/node_modules/readable-stream/lib/_stream_readable.js:681:20)
    at DerivedLogger.emit (node:events:532:35)
    at DerivedLogger.emit (node:domain:475:12)
    at addChunk (/usr/local/lib/node_modules/firebase-tools/node_modules/readable-stream/lib/_stream_readable.js:298:12)
[error] 
[error] Error: An unexpected error has occurred.
[debug] [2022-09-20T19:45:57.122Z] Error: write EIO
    at afterWriteDispatched (node:internal/stream_base_commons:160:15)
    at writeGeneric (node:internal/stream_base_commons:151:3)
    at WriteStream.Socket._writeGeneric (node:net:795:11)
    at WriteStream.Socket._write (node:net:807:8)
    at writeOrBuffer (node:internal/streams/writable:389:12)
    at _write (node:internal/streams/writable:330:10)
    at WriteStream.Writable.write (node:internal/streams/writable:334:10)
    at Console.log (/usr/local/lib/node_modules/firebase-tools/node_modules/winston/lib/winston/transports/console.js:79:23)
    at Console._write (/usr/local/lib/node_modules/firebase-tools/node_modules/winston-transport/index.js:103:17)
    at doWrite (/usr/local/lib/node_modules/firebase-tools/node_modules/winston-transport/node_modules/readable-stream/lib/_stream_writable.js:428:64)
    at writeOrBuffer (/usr/local/lib/node_modules/firebase-tools/node_modules/winston-transport/node_modules/readable-stream/lib/_stream_writable.js:417:5)
    at Console.Writable.write (/usr/local/lib/node_modules/firebase-tools/node_modules/winston-transport/node_modules/readable-stream/lib/_stream_writable.js:334:11)
    at DerivedLogger.ondata (/usr/local/lib/node_modules/firebase-tools/node_modules/readable-stream/lib/_stream_readable.js:681:20)
    at DerivedLogger.emit (node:events:532:35)
    at DerivedLogger.emit (node:domain:475:12)
    at addChunk (/usr/local/lib/node_modules/firebase-tools/node_modules/readable-stream/lib/_stream_readable.js:298:12)
[error] 
[error] Error: An unexpected error has occurred.
[debug] [2022-09-20T19:45:57.124Z] Error: write EIO
    at afterWriteDispatched (node:internal/stream_base_commons:160:15)
    at writeGeneric (node:internal/stream_base_commons:151:3)
    at WriteStream.Socket._writeGeneric (node:net:795:11)
    at WriteStream.Socket._write (node:net:807:8)
    at writeOrBuffer (node:internal/streams/writable:389:12)
    at _write (node:internal/streams/writable:330:10)
    at WriteStream.Writable.write (node:internal/streams/writable:334:10)
    at Console.log (/usr/local/lib/node_modules/firebase-tools/node_modules/winston/lib/winston/transports/console.js:79:23)
    at Console._write (/usr/local/lib/node_modules/firebase-tools/node_modules/winston-transport/index.js:103:17)
    at doWrite (/usr/local/lib/node_modules/firebase-tools/node_modules/winston-transport/node_modules/readable-stream/lib/_stream_writable.js:428:64)
    at writeOrBuffer (/usr/local/lib/node_modules/firebase-tools/node_modules/winston-transport/node_modules/readable-stream/lib/_stream_writable.js:417:5)
    at Console.Writable.write (/usr/local/lib/node_modules/firebase-tools/node_modules/winston-transport/node_modules/readable-stream/lib/_stream_writable.js:334:11)
    at DerivedLogger.ondata (/usr/local/lib/node_modules/firebase-tools/node_modules/readable-stream/lib/_stream_readable.js:681:20)
    at DerivedLogger.emit (node:events:532:35)
    at DerivedLogger.emit (node:domain:475:12)
    at addChunk (/usr/local/lib/node_modules/firebase-tools/node_modules/readable-stream/lib/_stream_readable.js:298:12)
[error] 
[error] Error: An unexpected error has occurred.
[debug] [2022-09-20T19:45:57.126Z] Error: write EIO
    at afterWriteDispatched (node:internal/stream_base_commons:160:15)
    at writeGeneric (node:internal/stream_base_commons:151:3)
    at WriteStream.Socket._writeGeneric (node:net:795:11)
    at WriteStream.Socket._write (node:net:807:8)
    at writeOrBuffer (node:internal/streams/writable:389:12)
    at _write (node:internal/streams/writable:330:10)
    at WriteStream.Writable.write (node:internal/streams/writable:334:10)
    at Console.log (/usr/local/lib/node_modules/firebase-tools/node_modules/winston/lib/winston/transports/console.js:79:23)
    at Console._write (/usr/local/lib/node_modules/firebase-tools/node_modules/winston-transport/index.js:103:17)
    at doWrite (/usr/local/lib/node_modules/firebase-tools/node_modules/winston-transport/node_modules/readable-stream/lib/_stream_writable.js:428:64)
    at writeOrBuffer (/usr/local/lib/node_modules/firebase-tools/node_modules/winston-transport/node_modules/readable-stream/lib/_stream_writable.js:417:5)
    at Console.Writable.write (/usr/local/lib/node_modules/firebase-tools/node_modules/winston-transport/node_modules/readable-stream/lib/_stream_writable.js:334:11)
    at DerivedLogger.ondata (/usr/local/lib/node_modules/firebase-tools/node_modules/readable-stream/lib/_stream_readable.js:681:20)
    at DerivedLogger.emit (node:events:532:35)
    at DerivedLogger.emit (node:domain:475:12)
    at addChunk (/usr/local/lib/node_modules/firebase-tools/node_modules/readable-stream/lib/_stream_readable.js:298:12)
[error] 
[error] Error: An unexpected error has occurred.
[debug] [2022-09-20T19:45:57.127Z] Error: write EIO
    at afterWriteDispatched (node:internal/stream_base_commons:160:15)
    at writeGeneric (node:internal/stream_base_commons:151:3)
    at WriteStream.Socket._writeGeneric (node:net:795:11)
    at WriteStream.Socket._write (node:net:807:8)
    at writeOrBuffer (node:internal/streams/writable:389:12)
    at _write (node:internal/streams/writable:330:10)
    at WriteStream.Writable.write (node:internal/streams/writable:334:10)
    at Console.log (/usr/local/lib/node_modules/firebase-tools/node_modules/winston/lib/winston/transports/console.js:79:23)
    at Console._write (/usr/local/lib/node_modules/firebase-tools/node_modules/winston-transport/index.js:103:17)
    at doWrite (/usr/local/lib/node_modules/firebase-tools/node_modules/winston-transport/node_modules/readable-stream/lib/_stream_writable.js:428:64)
    at writeOrBuffer (/usr/local/lib/node_modules/firebase-tools/node_modules/winston-transport/node_modules/readable-stream/lib/_stream_writable.js:417:5)
    at Console.Writable.write (/usr/local/lib/node_modules/firebase-tools/node_modules/winston-transport/node_modules/readable-stream/lib/_stream_writable.js:334:11)
    at DerivedLogger.ondata (/usr/local/lib/node_modules/firebase-tools/node_modules/readable-stream/lib/_stream_readable.js:681:20)
    at DerivedLogger.emit (node:events:532:35)
    at DerivedLogger.emit (node:domain:475:12)
    at addChunk (/usr/local/lib/node_modules/firebase-tools/node_modules/readable-stream/lib/_stream_readable.js:298:12)
[error] 
[error] Error: An unexpected error has occurred.
[debug] [2022-09-20T19:45:57.127Z] Error: write EIO
    at afterWriteDispatched (node:internal/stream_base_commons:160:15)
    at writeGeneric (node:internal/stream_base_commons:151:3)
    at WriteStream.Socket._writeGeneric (node:net:795:11)
    at WriteStream.Socket._write (node:net:807:8)
    at writeOrBuffer (node:internal/streams/writable:389:12)
    at _write (node:internal/streams/writable:330:10)
    at WriteStream.Writable.write (node:internal/streams/writable:334:10)
    at Console.log (/usr/local/lib/node_modules/firebase-tools/node_modules/winston/lib/winston/transports/console.js:79:23)
    at Console._write (/usr/local/lib/node_modules/firebase-tools/node_modules/winston-transport/index.js:103:17)
    at doWrite (/usr/local/lib/node_modules/firebase-tools/node_modules/winston-transport/node_modules/readable-stream/lib/_stream_writable.js:428:64)
    at writeOrBuffer (/usr/local/lib/node_modules/firebase-tools/node_modules/winston-transport/node_modules/readable-stream/lib/_stream_writable.js:417:5)
    at Console.Writable.write (/usr/local/lib/node_modules/firebase-tools/node_modules/winston-transport/node_modules/readable-stream/lib/_stream_writable.js:334:11)
    at DerivedLogger.ondata (/usr/local/lib/node_modules/firebase-tools/node_modules/readable-stream/lib/_stream_readable.js:681:20)
    at DerivedLogger.emit (node:events:532:35)
    at DerivedLogger.emit (node:domain:475:12)
    at addChunk (/usr/local/lib/node_modules/firebase-tools/node_modules/readable-stream/lib/_stream_readable.js:298:12)
[error] 
[error] Error: An unexpected error has occurred.
[debug] [2022-09-20T19:45:57.128Z] Error: write EIO
    at afterWriteDispatched (node:internal/stream_base_commons:160:15)
    at writeGeneric (node:internal/stream_base_commons:151:3)
    at WriteStream.Socket._writeGeneric (node:net:795:11)
    at WriteStream.Socket._write (node:net:807:8)
    at writeOrBuffer (node:internal/streams/writable:389:12)
    at _write (node:internal/streams/writable:330:10)
    at WriteStream.Writable.write (node:internal/streams/writable:334:10)
    at Console.log (/usr/local/lib/node_modules/firebase-tools/node_modules/winston/lib/winston/transports/console.js:79:23)
    at Console._write (/usr/local/lib/node_modules/firebase-tools/node_modules/winston-transport/index.js:103:17)
    at doWrite (/usr/local/lib/node_modules/firebase-tools/node_modules/winston-transport/node_modules/readable-stream/lib/_stream_writable.js:428:64)
    at writeOrBuffer (/usr/local/lib/node_modules/firebase-tools/node_modules/winston-transport/node_modules/readable-stream/lib/_stream_writable.js:417:5)
    at Console.Writable.write (/usr/local/lib/node_modules/firebase-tools/node_modules/winston-transport/node_modules/readable-stream/lib/_stream_writable.js:334:11)
    at DerivedLogger.ondata (/usr/local/lib/node_modules/firebase-tools/node_modules/readable-stream/lib/_stream_readable.js:681:20)
    at DerivedLogger.emit (node:events:532:35)
    at DerivedLogger.emit (node:domain:475:12)
    at addChunk (/usr/local/lib/node_modules/firebase-tools/node_modules/readable-stream/lib/_stream_readable.js:298:12)
[error] 
[error] Error: An unexpected error has occurred.
[debug] [2022-09-20T19:45:57.129Z] Error: write EIO
    at afterWriteDispatched (node:internal/stream_base_commons:160:15)
    at writeGeneric (node:internal/stream_base_commons:151:3)
    at WriteStream.Socket._writeGeneric (node:net:795:11)
    at WriteStream.Socket._write (node:net:807:8)
    at writeOrBuffer (node:internal/streams/writable:389:12)
    at _write (node:internal/streams/writable:330:10)
    at WriteStream.Writable.write (node:internal/streams/writable:334:10)
    at Console.log (/usr/local/lib/node_modules/firebase-tools/node_modules/winston/lib/winston/transports/console.js:79:23)
    at Console._write (/usr/local/lib/node_modules/firebase-tools/node_modules/winston-transport/index.js:103:17)
    at doWrite (/usr/local/lib/node_modules/firebase-tools/node_modules/winston-transport/node_modules/readable-stream/lib/_stream_writable.js:428:64)
    at writeOrBuffer (/usr/local/lib/node_modules/firebase-tools/node_modules/winston-transport/node_modules/readable-stream/lib/_stream_writable.js:417:5)
    at Console.Writable.write (/usr/local/lib/node_modules/firebase-tools/node_modules/winston-transport/node_modules/readable-stream/lib/_stream_writable.js:334:11)
    at DerivedLogger.ondata (/usr/local/lib/node_modules/firebase-tools/node_modules/readable-stream/lib/_stream_readable.js:681:20)
    at DerivedLogger.emit (node:events:532:35)
    at DerivedLogger.emit (node:domain:475:12)
    at addChunk (/usr/local/lib/node_modules/firebase-tools/node_modules/readable-stream/lib/_stream_readable.js:298:12)
[error] 
[error] Error: An unexpected error has occurred.
[debug] [2022-09-20T19:45:57.129Z] Error: write EIO
    at afterWriteDispatched (node:internal/stream_base_commons:160:15)
    at writeGeneric (node:internal/stream_base_commons:151:3)
    at WriteStream.Socket._writeGeneric (node:net:795:11)
    at WriteStream.Socket._write (node:net:807:8)
    at writeOrBuffer (node:internal/streams/writable:389:12)
    at _write (node:internal/streams/writable:330:10)
    at WriteStream.Writable.write (node:internal/streams/writable:334:10)
    at Console.log (/usr/local/lib/node_modules/firebase-tools/node_modules/winston/lib/winston/transports/console.js:79:23)
    at Console._write (/usr/local/lib/node_modules/firebase-tools/node_modules/winston-transport/index.js:103:17)
    at doWrite (/usr/local/lib/node_modules/firebase-tools/node_modules/winston-transport/node_modules/readable-stream/lib/_stream_writable.js:428:64)
    at writeOrBuffer (/usr/local/lib/node_modules/firebase-tools/node_modules/winston-transport/node_modules/readable-stream/lib/_stream_writable.js:417:5)
    at Console.Writable.write (/usr/local/lib/node_modules/firebase-tools/node_modules/winston-transport/node_modules/readable-stream/lib/_stream_writable.js:334:11)
    at DerivedLogger.ondata (/usr/local/lib/node_modules/firebase-tools/node_modules/readable-stream/lib/_stream_readable.js:681:20)
    at DerivedLogger.emit (node:events:532:35)
    at DerivedLogger.emit (node:domain:475:12)
    at addChunk (/usr/local/lib/node_modules/firebase-tools/node_modules/readable-stream/lib/_stream_readable.js:298:12)
[error] 
[error] Error: An unexpected error has occurred.
[debug] [2022-09-20T19:45:57.130Z] Error: write EIO
    at afterWriteDispatched (node:internal/stream_base_commons:160:15)
    at writeGeneric (node:internal/stream_base_commons:151:3)
    at WriteStream.Socket._writeGeneric (node:net:795:11)
    at WriteStream.Socket._write (node:net:807:8)
    at writeOrBuffer (node:internal/streams/writable:389:12)
    at _write (node:internal/streams/writable:330:10)
    at WriteStream.Writable.write (node:internal/streams/writable:334:10)
    at Console.log (/usr/local/lib/node_modules/firebase-tools/node_modules/winston/lib/winston/transports/console.js:79:23)
    at Console._write (/usr/local/lib/node_modules/firebase-tools/node_modules/winston-transport/index.js:103:17)
    at doWrite (/usr/local/lib/node_modules/firebase-tools/node_modules/winston-transport/node_modules/readable-stream/lib/_stream_writable.js:428:64)
    at writeOrBuffer (/usr/local/lib/node_modules/firebase-tools/node_modules/winston-transport/node_modules/readable-stream/lib/_stream_writable.js:417:5)
    at Console.Writable.write (/usr/local/lib/node_modules/firebase-tools/node_modules/winston-transport/node_modules/readable-stream/lib/_stream_writable.js:334:11)
    at DerivedLogger.ondata (/usr/local/lib/node_modules/firebase-tools/node_modules/readable-stream/lib/_stream_readable.js:681:20)
    at DerivedLogger.emit (node:events:532:35)
    at DerivedLogger.emit (node:domain:475:12)
    at addChunk (/usr/local/lib/node_modules/firebase-tools/node_modules/readable-stream/lib/_stream_readable.js:298:12)
[error] 
[error] Error: An unexpected error has occurred.
[debug] [2022-09-20T19:45:57.134Z] Error: write EIO
    at afterWriteDispatched (node:internal/stream_base_commons:160:15)
    at writeGeneric (node:internal/stream_base_commons:151:3)
    at WriteStream.Socket._writeGeneric (node:net:795:11)
    at WriteStream.Socket._write (node:net:807:8)
    at writeOrBuffer (node:internal/streams/writable:389:12)
    at _write (node:internal/streams/writable:330:10)
    at WriteStream.Writable.write (node:internal/streams/writable:334:10)
    at Console.log (/usr/local/lib/node_modules/firebase-tools/node_modules/winston/lib/winston/transports/console.js:79:23)
    at Console._write (/usr/local/lib/node_modules/firebase-tools/node_modules/winston-transport/index.js:103:17)
    at doWrite (/usr/local/lib/node_modules/firebase-tools/node_modules/winston-transport/node_modules/readable-stream/lib/_stream_writable.js:428:64)
    at writeOrBuffer (/usr/local/lib/node_modules/firebase-tools/node_modules/winston-transport/node_modules/readable-stream/lib/_stream_writable.js:417:5)
    at Console.Writable.write (/usr/local/lib/node_modules/firebase-tools/node_modules/winston-transport/node_modules/readable-stream/lib/_stream_writable.js:334:11)
    at DerivedLogger.ondata (/usr/local/lib/node_modules/firebase-tools/node_modules/readable-stream/lib/_stream_readable.js:681:20)
    at DerivedLogger.emit (node:events:532:35)
    at DerivedLogger.emit (node:domain:475:12)
    at addChunk (/usr/local/lib/node_modules/firebase-tools/node_modules/readable-stream/lib/_stream_readable.js:298:12)
[error] 
[error] Error: An unexpected error has occurred.
[debug] [2022-09-20T19:45:57.135Z] Error: write EIO
    at afterWriteDispatched (node:internal/stream_base_commons:160:15)
    at writeGeneric (node:internal/stream_base_commons:151:3)
    at WriteStream.Socket._writeGeneric (node:net:795:11)
    at WriteStream.Socket._write (node:net:807:8)
    at writeOrBuffer (node:internal/streams/writable:389:12)
    at _write (node:internal/streams/writable:330:10)
    at WriteStream.Writable.write (node:internal/streams/writable:334:10)
    at Console.log (/usr/local/lib/node_modules/firebase-tools/node_modules/winston/lib/winston/transports/console.js:79:23)
    at Console._write (/usr/local/lib/node_modules/firebase-tools/node_modules/winston-transport/index.js:103:17)
    at doWrite (/usr/local/lib/node_modules/firebase-tools/node_modules/winston-transport/node_modules/readable-stream/lib/_stream_writable.js:428:64)
    at writeOrBuffer (/usr/local/lib/node_modules/firebase-tools/node_modules/winston-transport/node_modules/readable-stream/lib/_stream_writable.js:417:5)
    at Console.Writable.write (/usr/local/lib/node_modules/firebase-tools/node_modules/winston-transport/node_modules/readable-stream/lib/_stream_writable.js:334:11)
    at DerivedLogger.ondata (/usr/local/lib/node_modules/firebase-tools/node_modules/readable-stream/lib/_stream_readable.js:681:20)
    at DerivedLogger.emit (node:events:532:35)
    at DerivedLogger.emit (node:domain:475:12)
    at addChunk (/usr/local/lib/node_modules/firebase-tools/node_modules/readable-stream/lib/_stream_readable.js:298:12)
[error] 
[error] Error: An unexpected error has occurred.
[debug] [2022-09-20T19:45:57.136Z] Error: write EIO
    at afterWriteDispatched (node:internal/stream_base_commons:160:15)
    at writeGeneric (node:internal/stream_base_commons:151:3)
    at WriteStream.Socket._writeGeneric (node:net:795:11)
    at WriteStream.Socket._write (node:net:807:8)
    at writeOrBuffer (node:internal/streams/writable:389:12)
    at _write (node:internal/streams/writable:330:10)
    at WriteStream.Writable.write (node:internal/streams/writable:334:10)
    at Console.log (/usr/local/lib/node_modules/firebase-tools/node_modules/winston/lib/winston/transports/console.js:79:23)
    at Console._write (/usr/local/lib/node_modules/firebase-tools/node_modules/winston-transport/index.js:103:17)
    at doWrite (/usr/local/lib/node_modules/firebase-tools/node_modules/winston-transport/node_modules/readable-stream/lib/_stream_writable.js:428:64)
    at writeOrBuffer (/usr/local/lib/node_modules/firebase-tools/node_modules/winston-transport/node_modules/readable-stream/lib/_stream_writable.js:417:5)
    at Console.Writable.write (/usr/local/lib/node_modules/firebase-tools/node_modules/winston-transport/node_modules/readable-stream/lib/_stream_writable.js:334:11)
    at DerivedLogger.ondata (/usr/local/lib/node_modules/firebase-tools/node_modules/readable-stream/lib/_stream_readable.js:681:20)
    at DerivedLogger.emit (node:events:532:35)
    at DerivedLogger.emit (node:domain:475:12)
    at addChunk (/usr/local/lib/node_modules/firebase-tools/node_modules/readable-stream/lib/_stream_readable.js:298:12)
[error] 
[error] Error: An unexpected error has occurred.
[debug] [2022-09-20T19:45:57.137Z] Error: write EIO
    at afterWriteDispatched (node:internal/stream_base_commons:160:15)
    at writeGeneric (node:internal/stream_base_commons:151:3)
    at WriteStream.Socket._writeGeneric (node:net:795:11)
    at WriteStream.Socket._write (node:net:807:8)
    at writeOrBuffer (node:internal/streams/writable:389:12)
    at _write (node:internal/streams/writable:330:10)
    at WriteStream.Writable.write (node:internal/streams/writable:334:10)
    at Console.log (/usr/local/lib/node_modules/firebase-tools/node_modules/winston/lib/winston/transports/console.js:79:23)
    at Console._write (/usr/local/lib/node_modules/firebase-tools/node_modules/winston-transport/index.js:103:17)
    at doWrite (/usr/local/lib/node_modules/firebase-tools/node_modules/winston-transport/node_modules/readable-stream/lib/_stream_writable.js:428:64)
    at writeOrBuffer (/usr/local/lib/node_modules/firebase-tools/node_modules/winston-transport/node_modules/readable-stream/lib/_stream_writable.js:417:5)
    at Console.Writable.write (/usr/local/lib/node_modules/firebase-tools/node_modules/winston-transport/node_modules/readable-stream/lib/_stream_writable.js:334:11)
    at DerivedLogger.ondata (/usr/local/lib/node_modules/firebase-tools/node_modules/readable-stream/lib/_stream_readable.js:681:20)
    at DerivedLogger.emit (node:events:532:35)
    at DerivedLogger.emit (node:domain:475:12)
    at addChunk (/usr/local/lib/node_modules/firebase-tools/node_modules/readable-stream/lib/_stream_readable.js:298:12)
[error] 
[error] Error: An unexpected error has occurred.
[debug] [2022-09-20T19:45:57.138Z] Error: write EIO
    at afterWriteDispatched (node:internal/stream_base_commons:160:15)
    at writeGeneric (node:internal/stream_base_commons:151:3)
    at WriteStream.Socket._writeGeneric (node:net:795:11)
    at WriteStream.Socket._write (node:net:807:8)
    at writeOrBuffer (node:internal/streams/writable:389:12)
    at _write (node:internal/streams/writable:330:10)
    at WriteStream.Writable.write (node:internal/streams/writable:334:10)
    at Console.log (/usr/local/lib/node_modules/firebase-tools/node_modules/winston/lib/winston/transports/console.js:79:23)
    at Console._write (/usr/local/lib/node_modules/firebase-tools/node_modules/winston-transport/index.js:103:17)
    at doWrite (/usr/local/lib/node_modules/firebase-tools/node_modules/winston-transport/node_modules/readable-stream/lib/_stream_writable.js:428:64)
    at writeOrBuffer (/usr/local/lib/node_modules/firebase-tools/node_modules/winston-transport/node_modules/readable-stream/lib/_stream_writable.js:417:5)
    at Console.Writable.write (/usr/local/lib/node_modules/firebase-tools/node_modules/winston-transport/node_modules/readable-stream/lib/_stream_writable.js:334:11)
    at DerivedLogger.ondata (/usr/local/lib/node_modules/firebase-tools/node_modules/readable-stream/lib/_stream_readable.js:681:20)
    at DerivedLogger.emit (node:events:532:35)
    at DerivedLogger.emit (node:domain:475:12)
    at addChunk (/usr/local/lib/node_modules/firebase-tools/node_modules/readable-stream/lib/_stream_readable.js:298:12)
[error] 
[error] Error: An unexpected error has occurred.
[debug] [2022-09-20T19:45:57.139Z] Error: write EIO
    at afterWriteDispatched (node:internal/stream_base_commons:160:15)
    at writeGeneric (node:internal/stream_base_commons:151:3)
    at WriteStream.Socket._writeGeneric (node:net:795:11)
    at WriteStream.Socket._write (node:net:807:8)
    at writeOrBuffer (node:internal/streams/writable:389:12)
    at _write (node:internal/streams/writable:330:10)
    at WriteStream.Writable.write (node:internal/streams/writable:334:10)
    at Console.log (/usr/local/lib/node_modules/firebase-tools/node_modules/winston/lib/winston/transports/console.js:79:23)
    at Console._write (/usr/local/lib/node_modules/firebase-tools/node_modules/winston-transport/index.js:103:17)
    at doWrite (/usr/local/lib/node_modules/firebase-tools/node_modules/winston-transport/node_modules/readable-stream/lib/_stream_writable.js:428:64)
    at writeOrBuffer (/usr/local/lib/node_modules/firebase-tools/node_modules/winston-transport/node_modules/readable-stream/lib/_stream_writable.js:417:5)
    at Console.Writable.write (/usr/local/lib/node_modules/firebase-tools/node_modules/winston-transport/node_modules/readable-stream/lib/_stream_writable.js:334:11)
    at DerivedLogger.ondata (/usr/local/lib/node_modules/firebase-tools/node_modules/readable-stream/lib/_stream_readable.js:681:20)
    at DerivedLogger.emit (node:events:532:35)
    at DerivedLogger.emit (node:domain:475:12)
    at addChunk (/usr/local/lib/node_modules/firebase-tools/node_modules/readable-stream/lib/_stream_readable.js:298:12)
[error] 
[error] Error: An unexpected error has occurred.
[debug] [2022-09-20T19:45:57.140Z] Error: write EIO
    at afterWriteDispatched (node:internal/stream_base_commons:160:15)
    at writeGeneric (node:internal/stream_base_commons:151:3)
    at WriteStream.Socket._writeGeneric (node:net:795:11)
    at WriteStream.Socket._write (node:net:807:8)
    at writeOrBuffer (node:internal/streams/writable:389:12)
    at _write (node:internal/streams/writable:330:10)
    at WriteStream.Writable.write (node:internal/streams/writable:334:10)
    at Console.log (/usr/local/lib/node_modules/firebase-tools/node_modules/winston/lib/winston/transports/console.js:79:23)
    at Console._write (/usr/local/lib/node_modules/firebase-tools/node_modules/winston-transport/index.js:103:17)
    at doWrite (/usr/local/lib/node_modules/firebase-tools/node_modules/winston-transport/node_modules/readable-stream/lib/_stream_writable.js:428:64)
    at writeOrBuffer (/usr/local/lib/node_modules/firebase-tools/node_modules/winston-transport/node_modules/readable-stream/lib/_stream_writable.js:417:5)
    at Console.Writable.write (/usr/local/lib/node_modules/firebase-tools/node_modules/winston-transport/node_modules/readable-stream/lib/_stream_writable.js:334:11)
    at DerivedLogger.ondata (/usr/local/lib/node_modules/firebase-tools/node_modules/readable-stream/lib/_stream_readable.js:681:20)
    at DerivedLogger.emit (node:events:532:35)
    at DerivedLogger.emit (node:domain:475:12)
    at addChunk (/usr/local/lib/node_modules/firebase-tools/node_modules/readable-stream/lib/_stream_readable.js:298:12)
[error] 
[error] Error: An unexpected error has occurred.
[debug] [2022-09-20T19:45:57.141Z] Error: write EIO
    at afterWriteDispatched (node:internal/stream_base_commons:160:15)
    at writeGeneric (node:internal/stream_base_commons:151:3)
    at WriteStream.Socket._writeGeneric (node:net:795:11)
    at WriteStream.Socket._write (node:net:807:8)
    at writeOrBuffer (node:internal/streams/writable:389:12)
    at _write (node:internal/streams/writable:330:10)
    at WriteStream.Writable.write (node:internal/streams/writable:334:10)
    at Console.log (/usr/local/lib/node_modules/firebase-tools/node_modules/winston/lib/winston/transports/console.js:79:23)
    at Console._write (/usr/local/lib/node_modules/firebase-tools/node_modules/winston-transport/index.js:103:17)
    at doWrite (/usr/local/lib/node_modules/firebase-tools/node_modules/winston-transport/node_modules/readable-stream/lib/_stream_writable.js:428:64)
    at writeOrBuffer (/usr/local/lib/node_modules/firebase-tools/node_modules/winston-transport/node_modules/readable-stream/lib/_stream_writable.js:417:5)
    at Console.Writable.write (/usr/local/lib/node_modules/firebase-tools/node_modules/winston-transport/node_modules/readable-stream/lib/_stream_writable.js:334:11)
    at DerivedLogger.ondata (/usr/local/lib/node_modules/firebase-tools/node_modules/readable-stream/lib/_stream_readable.js:681:20)
    at DerivedLogger.emit (node:events:532:35)
    at DerivedLogger.emit (node:domain:475:12)
    at addChunk (/usr/local/lib/node_modules/firebase-tools/node_modules/readable-stream/lib/_stream_readable.js:298:12)
[error] 
[error] Error: An unexpected error has occurred.
[debug] [2022-09-20T19:45:57.142Z] Error: write EIO
    at afterWriteDispatched (node:internal/stream_base_commons:160:15)
    at writeGeneric (node:internal/stream_base_commons:151:3)
    at WriteStream.Socket._writeGeneric (node:net:795:11)
    at WriteStream.Socket._write (node:net:807:8)
    at writeOrBuffer (node:internal/streams/writable:389:12)
    at _write (node:internal/streams/writable:330:10)
    at WriteStream.Writable.write (node:internal/streams/writable:334:10)
    at Console.log (/usr/local/lib/node_modules/firebase-tools/node_modules/winston/lib/winston/transports/console.js:79:23)
    at Console._write (/usr/local/lib/node_modules/firebase-tools/node_modules/winston-transport/index.js:103:17)
    at doWrite (/usr/local/lib/node_modules/firebase-tools/node_modules/winston-transport/node_modules/readable-stream/lib/_stream_writable.js:428:64)
    at writeOrBuffer (/usr/local/lib/node_modules/firebase-tools/node_modules/winston-transport/node_modules/readable-stream/lib/_stream_writable.js:417:5)
    at Console.Writable.write (/usr/local/lib/node_modules/firebase-tools/node_modules/winston-transport/node_modules/readable-stream/lib/_stream_writable.js:334:11)
    at DerivedLogger.ondata (/usr/local/lib/node_modules/firebase-tools/node_modules/readable-stream/lib/_stream_readable.js:681:20)
    at DerivedLogger.emit (node:events:532:35)
    at DerivedLogger.emit (node:domain:475:12)
    at addChunk (/usr/local/lib/node_modules/firebase-tools/node_modules/readable-stream/lib/_stream_readable.js:298:12)
[error] 
[error] Error: An unexpected error has occurred.
[debug] [2022-09-20T19:45:57.143Z] Error: write EIO
    at afterWriteDispatched (node:internal/stream_base_commons:160:15)
    at writeGeneric (node:internal/stream_base_commons:151:3)
    at WriteStream.Socket._writeGeneric (node:net:795:11)
    at WriteStream.Socket._write (node:net:807:8)
    at writeOrBuffer (node:internal/streams/writable:389:12)
    at _write (node:internal/streams/writable:330:10)
    at WriteStream.Writable.write (node:internal/streams/writable:334:10)
    at Console.log (/usr/local/lib/node_modules/firebase-tools/node_modules/winston/lib/winston/transports/console.js:79:23)
    at Console._write (/usr/local/lib/node_modules/firebase-tools/node_modules/winston-transport/index.js:103:17)
    at doWrite (/usr/local/lib/node_modules/firebase-tools/node_modules/winston-transport/node_modules/readable-stream/lib/_stream_writable.js:428:64)
    at writeOrBuffer (/usr/local/lib/node_modules/firebase-tools/node_modules/winston-transport/node_modules/readable-stream/lib/_stream_writable.js:417:5)
    at Console.Writable.write (/usr/local/lib/node_modules/firebase-tools/node_modules/winston-transport/node_modules/readable-stream/lib/_stream_writable.js:334:11)
    at DerivedLogger.ondata (/usr/local/lib/node_modules/firebase-tools/node_modules/readable-stream/lib/_stream_readable.js:681:20)
    at DerivedLogger.emit (node:events:532:35)
    at DerivedLogger.emit (node:domain:475:12)
    at addChunk (/usr/local/lib/node_modules/firebase-tools/node_modules/readable-stream/lib/_stream_readable.js:298:12)
[error] 
[error] Error: An unexpected error has occurred.
[debug] [2022-09-20T19:45:57.143Z] Error: write EIO
    at afterWriteDispatched (node:internal/stream_base_commons:160:15)
    at writeGeneric (node:internal/stream_base_commons:151:3)
    at WriteStream.Socket._writeGeneric (node:net:795:11)
    at WriteStream.Socket._write (node:net:807:8)
    at writeOrBuffer (node:internal/streams/writable:389:12)
    at _write (node:internal/streams/writable:330:10)
    at WriteStream.Writable.write (node:internal/streams/writable:334:10)
    at Console.log (/usr/local/lib/node_modules/firebase-tools/node_modules/winston/lib/winston/transports/console.js:79:23)
    at Console._write (/usr/local/lib/node_modules/firebase-tools/node_modules/winston-transport/index.js:103:17)
    at doWrite (/usr/local/lib/node_modules/firebase-tools/node_modules/winston-transport/node_modules/readable-stream/lib/_stream_writable.js:428:64)
    at writeOrBuffer (/usr/local/lib/node_modules/firebase-tools/node_modules/winston-transport/node_modules/readable-stream/lib/_stream_writable.js:417:5)
    at Console.Writable.write (/usr/local/lib/node_modules/firebase-tools/node_modules/winston-transport/node_modules/readable-stream/lib/_stream_writable.js:334:11)
    at DerivedLogger.ondata (/usr/local/lib/node_modules/firebase-tools/node_modules/readable-stream/lib/_stream_readable.js:681:20)
    at DerivedLogger.emit (node:events:532:35)
    at DerivedLogger.emit (node:domain:475:12)
    at addChunk (/usr/local/lib/node_modules/firebase-tools/node_modules/readable-stream/lib/_stream_readable.js:298:12)
[error] 
[error] Error: An unexpected error has occurred.
[debug] [2022-09-20T19:45:57.144Z] Error: write EIO
    at afterWriteDispatched (node:internal/stream_base_commons:160:15)
    at writeGeneric (node:internal/stream_base_commons:151:3)
    at WriteStream.Socket._writeGeneric (node:net:795:11)
    at WriteStream.Socket._write (node:net:807:8)
    at writeOrBuffer (node:internal/streams/writable:389:12)
    at _write (node:internal/streams/writable:330:10)
    at WriteStream.Writable.write (node:internal/streams/writable:334:10)
    at Console.log (/usr/local/lib/node_modules/firebase-tools/node_modules/winston/lib/winston/transports/console.js:79:23)
    at Console._write (/usr/local/lib/node_modules/firebase-tools/node_modules/winston-transport/index.js:103:17)
    at doWrite (/usr/local/lib/node_modules/firebase-tools/node_modules/winston-transport/node_modules/readable-stream/lib/_stream_writable.js:428:64)
    at writeOrBuffer (/usr/local/lib/node_modules/firebase-tools/node_modules/winston-transport/node_modules/readable-stream/lib/_stream_writable.js:417:5)
    at Console.Writable.write (/usr/local/lib/node_modules/firebase-tools/node_modules/winston-transport/node_modules/readable-stream/lib/_stream_writable.js:334:11)
    at DerivedLogger.ondata (/usr/local/lib/node_modules/firebase-tools/node_modules/readable-stream/lib/_stream_readable.js:681:20)
    at DerivedLogger.emit (node:events:532:35)
    at DerivedLogger.emit (node:domain:475:12)
    at addChunk (/usr/local/lib/node_modules/firebase-tools/node_modules/readable-stream/lib/_stream_readable.js:298:12)
[error] 
[error] Error: An unexpected error has occurred.
[debug] [2022-09-20T19:45:57.145Z] Error: write EIO
    at afterWriteDispatched (node:internal/stream_base_commons:160:15)
    at writeGeneric (node:internal/stream_base_commons:151:3)
    at WriteStream.Socket._writeGeneric (node:net:795:11)
    at WriteStream.Socket._write (node:net:807:8)
    at writeOrBuffer (node:internal/streams/writable:389:12)
    at _write (node:internal/streams/writable:330:10)
    at WriteStream.Writable.write (node:internal/streams/writable:334:10)
    at Console.log (/usr/local/lib/node_modules/firebase-tools/node_modules/winston/lib/winston/transports/console.js:79:23)
    at Console._write (/usr/local/lib/node_modules/firebase-tools/node_modules/winston-transport/index.js:103:17)
    at doWrite (/usr/local/lib/node_modules/firebase-tools/node_modules/winston-transport/node_modules/readable-stream/lib/_stream_writable.js:428:64)
    at writeOrBuffer (/usr/local/lib/node_modules/firebase-tools/node_modules/winston-transport/node_modules/readable-stream/lib/_stream_writable.js:417:5)
    at Console.Writable.write (/usr/local/lib/node_modules/firebase-tools/node_modules/winston-transport/node_modules/readable-stream/lib/_stream_writable.js:334:11)
    at DerivedLogger.ondata (/usr/local/lib/node_modules/firebase-tools/node_modules/readable-stream/lib/_stream_readable.js:681:20)
    at DerivedLogger.emit (node:events:532:35)
    at DerivedLogger.emit (node:domain:475:12)
    at addChunk (/usr/local/lib/node_modules/firebase-tools/node_modules/readable-stream/lib/_stream_readable.js:298:12)
[error] 
[error] Error: An unexpected error has occurred.
[debug] [2022-09-20T19:45:57.145Z] Error: write EIO
    at afterWriteDispatched (node:internal/stream_base_commons:160:15)
    at writeGeneric (node:internal/stream_base_commons:151:3)
    at WriteStream.Socket._writeGeneric (node:net:795:11)
    at WriteStream.Socket._write (node:net:807:8)
    at writeOrBuffer (node:internal/streams/writable:389:12)
    at _write (node:internal/streams/writable:330:10)
    at WriteStream.Writable.write (node:internal/streams/writable:334:10)
    at Console.log (/usr/local/lib/node_modules/firebase-tools/node_modules/winston/lib/winston/transports/console.js:79:23)
    at Console._write (/usr/local/lib/node_modules/firebase-tools/node_modules/winston-transport/index.js:103:17)
    at doWrite (/usr/local/lib/node_modules/firebase-tools/node_modules/winston-transport/node_modules/readable-stream/lib/_stream_writable.js:428:64)
    at writeOrBuffer (/usr/local/lib/node_modules/firebase-tools/node_modules/winston-transport/node_modules/readable-stream/lib/_stream_writable.js:417:5)
    at Console.Writable.write (/usr/local/lib/node_modules/firebase-tools/node_modules/winston-transport/node_modules/readable-stream/lib/_stream_writable.js:334:11)
    at DerivedLogger.ondata (/usr/local/lib/node_modules/firebase-tools/node_modules/readable-stream/lib/_stream_readable.js:681:20)
    at DerivedLogger.emit (node:events:532:35)
    at DerivedLogger.emit (node:domain:475:12)
    at addChunk (/usr/local/lib/node_modules/firebase-tools/node_modules/readable-stream/lib/_stream_readable.js:298:12)
[error] 
[error] Error: An unexpected error has occurred.
[debug] [2022-09-20T19:45:57.146Z] Error: write EIO
    at afterWriteDispatched (node:internal/stream_base_commons:160:15)
    at writeGeneric (node:internal/stream_base_commons:151:3)
    at WriteStream.Socket._writeGeneric (node:net:795:11)
    at WriteStream.Socket._write (node:net:807:8)
    at writeOrBuffer (node:internal/streams/writable:389:12)
    at _write (node:internal/streams/writable:330:10)
    at WriteStream.Writable.write (node:internal/streams/writable:334:10)
    at Console.log (/usr/local/lib/node_modules/firebase-tools/node_modules/winston/lib/winston/transports/console.js:79:23)
    at Console._write (/usr/local/lib/node_modules/firebase-tools/node_modules/winston-transport/index.js:103:17)
    at doWrite (/usr/local/lib/node_modules/firebase-tools/node_modules/winston-transport/node_modules/readable-stream/lib/_stream_writable.js:428:64)
    at writeOrBuffer (/usr/local/lib/node_modules/firebase-tools/node_modules/winston-transport/node_modules/readable-stream/lib/_stream_writable.js:417:5)
    at Console.Writable.write (/usr/local/lib/node_modules/firebase-tools/node_modules/winston-transport/node_modules/readable-stream/lib/_stream_writable.js:334:11)
    at DerivedLogger.ondata (/usr/local/lib/node_modules/firebase-tools/node_modules/readable-stream/lib/_stream_readable.js:681:20)
    at DerivedLogger.emit (node:events:532:35)
    at DerivedLogger.emit (node:domain:475:12)
    at addChunk (/usr/local/lib/node_modules/firebase-tools/node_modules/readable-stream/lib/_stream_readable.js:298:12)
